<?xml version="1.0" encoding="UTF-8" ?>
<testsuite errors="1" failures="0" hostname="rafiki.local" name="org.junit.runner.manipulation.Filter" tests="1" time="0.016" timestamp="2016-10-14T09:57:48">
  <properties />
  <testcase classname="org.junit.runner.manipulation.Filter" name="initializationError" time="0.016">
    <error message="No tests found matching grails test target pattern filter from org.junit.runner.Request$1@55c656b4" type="java.lang.Exception">java.lang.Exception: No tests found matching grails test target pattern filter from org.junit.runner.Request$1@55c656b4
</error>
  </testcase>
  <system-out><![CDATA[--Output from initializationError--
]]></system-out>
  <system-err><![CDATA[--Output from initializationError--
]]></system-err>
</testsuite>
